2021-08-15 10:51:00.031 [main] INFO  com.atg.hast.testautomation.Initialization - Chrome driver started successfully
2021-08-15 10:53:22.343 [main] INFO  com.atg.hast.testautomation.Initialization - Chrome driver started successfully
2021-08-15 10:53:29.922 [main] INFO  com.atg.hast.testautomation.Hast - The loading current Url       :https://www.atg.se/
2021-08-15 10:53:29.928 [main] INFO  com.atg.hast.testautomation.Hast - "The title of Website is : ATG - Spel på Sport, Häst och Casino
2021-08-15 10:53:29.959 [main] INFO  com.atg.hast.testautomation.Hast - Cookies PopUp Box accept button found :
2021-08-15 10:53:30.036 [main] INFO  com.atg.hast.testautomation.Hast - Cookies Popup box accept button displayed
2021-08-15 10:53:30.398 [main] INFO  com.atg.hast.testautomation.Hast - Godkänn button Clicked
2021-08-15 10:53:30.567 [main] INFO  com.atg.hast.testautomation.Hast - Häst Game displayed
2021-08-15 10:53:30.878 [main] INFO  com.atg.hast.testautomation.Hast - Häst game clicked
2021-08-15 10:53:31.174 [main] INFO  com.atg.hast.testautomation.Hast - v4 Game displayed
2021-08-15 10:53:31.422 [main] INFO  com.atg.hast.testautomation.Hast - v4 game selected
2021-08-15 10:55:44.013 [main] INFO  com.atg.hast.testautomation.Initialization - Chrome driver started successfully
2021-08-15 10:55:54.480 [main] INFO  com.atg.hast.testautomation.Hast - The loading current Url       :https://www.atg.se/
2021-08-15 10:55:54.487 [main] INFO  com.atg.hast.testautomation.Hast - "The title of Website is : ATG - Spel på Sport, Häst och Casino
2021-08-15 10:55:54.514 [main] INFO  com.atg.hast.testautomation.Hast - Cookies PopUp Box accept button found :
2021-08-15 10:55:54.582 [main] INFO  com.atg.hast.testautomation.Hast - Cookies Popup box accept button displayed
2021-08-15 10:55:54.941 [main] INFO  com.atg.hast.testautomation.Hast - Godkänn button Clicked
2021-08-15 10:55:55.077 [main] INFO  com.atg.hast.testautomation.Hast - Häst Game displayed
2021-08-15 10:55:55.320 [main] INFO  com.atg.hast.testautomation.Hast - Häst game clicked
2021-08-15 10:55:55.603 [main] INFO  com.atg.hast.testautomation.Hast - v4 Game displayed
2021-08-15 10:55:55.845 [main] INFO  com.atg.hast.testautomation.Hast - v4 game selected
2021-08-15 11:54:10.889 [main] INFO  com.atg.hast.testautomation.Initialization - Chrome driver started successfully
2021-08-15 11:54:16.638 [main] INFO  com.atg.hast.testautomation.Hast - The loading current Url       :https://www.atg.se/
2021-08-15 11:54:16.646 [main] INFO  com.atg.hast.testautomation.Hast - "The title of Website is : ATG - Spel på Sport, Häst och Casino
2021-08-15 11:54:16.678 [main] INFO  com.atg.hast.testautomation.Hast - Cookies PopUp Box accept button found :
2021-08-15 11:54:16.746 [main] INFO  com.atg.hast.testautomation.Hast - Cookies Popup box accept button displayed
2021-08-15 11:54:17.105 [main] INFO  com.atg.hast.testautomation.Hast - Godkänn button Clicked
2021-08-15 11:54:17.311 [main] INFO  com.atg.hast.testautomation.Hast - Häst Game displayed
2021-08-15 11:54:17.617 [main] INFO  com.atg.hast.testautomation.Hast - Häst game clicked
2021-08-15 11:54:37.777 [main] ERROR com.atg.hast.testautomation.Hast - V4 game not displayed or selected
2021-08-15 11:54:58.014 [main] ERROR com.atg.hast.testautomation.Hast - V3 game not displayed or selected
2021-08-15 11:55:18.175 [main] ERROR com.atg.hast.testautomation.Hast - Häst V5 Game not displayed or selected
2021-08-15 11:55:18.309 [main] INFO  com.atg.hast.testautomation.Hast - v75 Game displayed
2021-08-15 11:55:18.621 [main] INFO  com.atg.hast.testautomation.Hast - v75 Game clicked
